mode: set
github.com/FlyrInc/flyr-lib-go/examples/monitoring/pubsub/main.go:21.13,24.2 2 0
github.com/FlyrInc/flyr-lib-go/examples/monitoring/pubsub/main.go:26.13,33.16 4 0
github.com/FlyrInc/flyr-lib-go/examples/monitoring/pubsub/main.go:33.16,34.13 1 0
github.com/FlyrInc/flyr-lib-go/examples/monitoring/pubsub/main.go:36.2,36.15 1 0
github.com/FlyrInc/flyr-lib-go/examples/monitoring/pubsub/main.go:36.15,38.17 2 0
github.com/FlyrInc/flyr-lib-go/examples/monitoring/pubsub/main.go:38.17,40.4 1 0
github.com/FlyrInc/flyr-lib-go/examples/monitoring/pubsub/main.go:43.2,48.15 5 0
github.com/FlyrInc/flyr-lib-go/examples/monitoring/pubsub/main.go:48.15,50.17 2 0
github.com/FlyrInc/flyr-lib-go/examples/monitoring/pubsub/main.go:50.18,52.4 0 0
github.com/FlyrInc/flyr-lib-go/examples/logging/main.go:21.13,25.2 3 0
github.com/FlyrInc/flyr-lib-go/examples/logging/main.go:27.13,155.2 15 0
github.com/FlyrInc/flyr-lib-go/examples/monitoring/rabbitmq/main.go:20.13,23.2 2 0
github.com/FlyrInc/flyr-lib-go/examples/monitoring/rabbitmq/main.go:25.13,32.16 4 0
github.com/FlyrInc/flyr-lib-go/examples/monitoring/rabbitmq/main.go:32.16,33.13 1 0
github.com/FlyrInc/flyr-lib-go/examples/monitoring/rabbitmq/main.go:35.2,35.15 1 0
github.com/FlyrInc/flyr-lib-go/examples/monitoring/rabbitmq/main.go:35.15,37.17 2 0
github.com/FlyrInc/flyr-lib-go/examples/monitoring/rabbitmq/main.go:37.17,39.4 1 0
github.com/FlyrInc/flyr-lib-go/examples/monitoring/rabbitmq/main.go:42.2,43.21 2 0
github.com/FlyrInc/flyr-lib-go/examples/monitoring/rabbitmq/main.go:46.42,54.2 6 0
github.com/FlyrInc/flyr-lib-go/examples/monitoring/rabbitmq/main.go:56.42,62.2 4 0
github.com/FlyrInc/flyr-lib-go/examples/monitoring/simple_example/main.go:26.13,29.2 2 0
github.com/FlyrInc/flyr-lib-go/examples/monitoring/simple_example/main.go:32.13,39.16 4 0
github.com/FlyrInc/flyr-lib-go/examples/monitoring/simple_example/main.go:39.16,40.13 1 0
github.com/FlyrInc/flyr-lib-go/examples/monitoring/simple_example/main.go:42.2,42.15 1 0
github.com/FlyrInc/flyr-lib-go/examples/monitoring/simple_example/main.go:42.15,44.17 2 0
github.com/FlyrInc/flyr-lib-go/examples/monitoring/simple_example/main.go:44.17,46.4 1 0
github.com/FlyrInc/flyr-lib-go/examples/monitoring/simple_example/main.go:50.2,66.20 9 0
github.com/FlyrInc/flyr-lib-go/examples/monitoring/simple_example/main.go:69.35,98.2 14 0
github.com/FlyrInc/flyr-lib-go/examples/monitoring/simple_example/main.go:100.35,120.2 11 0
github.com/FlyrInc/flyr-lib-go/examples/monitoring/simple_example/main.go:122.37,133.2 6 0
github.com/FlyrInc/flyr-lib-go/examples/monitoring/webserver/gin/main.go:17.13,23.16 4 0
github.com/FlyrInc/flyr-lib-go/examples/monitoring/webserver/gin/main.go:23.16,26.3 2 0
github.com/FlyrInc/flyr-lib-go/examples/monitoring/webserver/gin/main.go:27.2,27.15 1 0
github.com/FlyrInc/flyr-lib-go/examples/monitoring/webserver/gin/main.go:27.15,29.3 1 0
github.com/FlyrInc/flyr-lib-go/examples/monitoring/webserver/gin/main.go:31.2,39.9 6 0
github.com/FlyrInc/flyr-lib-go/examples/monitoring/webserver/gin/main.go:42.27,66.2 7 0
github.com/FlyrInc/flyr-lib-go/examples/monitoring/webserver/gin/main.go:68.39,72.2 3 0
github.com/FlyrInc/flyr-lib-go/examples/monitoring/webserver/gin/main.go:74.39,77.2 2 0
github.com/FlyrInc/flyr-lib-go/examples/monitoring/http/main.go:19.13,22.2 2 0
github.com/FlyrInc/flyr-lib-go/examples/monitoring/http/main.go:24.13,31.16 4 0
github.com/FlyrInc/flyr-lib-go/examples/monitoring/http/main.go:31.16,32.13 1 0
github.com/FlyrInc/flyr-lib-go/examples/monitoring/http/main.go:34.2,34.15 1 0
github.com/FlyrInc/flyr-lib-go/examples/monitoring/http/main.go:34.15,36.17 2 0
github.com/FlyrInc/flyr-lib-go/examples/monitoring/http/main.go:36.17,38.4 1 0
github.com/FlyrInc/flyr-lib-go/examples/monitoring/http/main.go:41.2,43.22 2 0
github.com/FlyrInc/flyr-lib-go/examples/monitoring/http/main.go:46.22,53.16 6 0
github.com/FlyrInc/flyr-lib-go/examples/monitoring/http/main.go:53.16,55.3 1 0
github.com/FlyrInc/flyr-lib-go/examples/monitoring/http/main.go:57.2,57.24 1 0
github.com/FlyrInc/flyr-lib-go/examples/monitoring/http/main.go:60.27,70.16 7 0
github.com/FlyrInc/flyr-lib-go/examples/monitoring/http/main.go:70.16,72.3 1 0
github.com/FlyrInc/flyr-lib-go/examples/monitoring/http/main.go:74.2,74.24 1 0
github.com/FlyrInc/flyr-lib-go/context/base.go:13.82,15.9 2 1
github.com/FlyrInc/flyr-lib-go/context/base.go:15.9,17.3 1 1
github.com/FlyrInc/flyr-lib-go/context/base.go:19.2,19.20 1 1
github.com/FlyrInc/flyr-lib-go/context/gin.go:11.78,13.9 2 1
github.com/FlyrInc/flyr-lib-go/context/gin.go:13.9,15.3 1 1
github.com/FlyrInc/flyr-lib-go/context/gin.go:17.2,18.9 2 1
github.com/FlyrInc/flyr-lib-go/context/gin.go:18.9,20.3 1 1
github.com/FlyrInc/flyr-lib-go/context/gin.go:22.2,22.20 1 1
github.com/FlyrInc/flyr-lib-go/monitoring/pubsub/pubsub.go:17.137,18.19 1 0
github.com/FlyrInc/flyr-lib-go/monitoring/pubsub/pubsub.go:18.19,20.3 1 0
github.com/FlyrInc/flyr-lib-go/monitoring/pubsub/pubsub.go:22.2,23.68 2 0
github.com/FlyrInc/flyr-lib-go/monitoring/middleware/chitrace.go:20.58,22.31 2 0
github.com/FlyrInc/flyr-lib-go/monitoring/middleware/chitrace.go:22.31,24.3 1 0
github.com/FlyrInc/flyr-lib-go/monitoring/middleware/chitrace.go:25.2,29.28 2 0
github.com/FlyrInc/flyr-lib-go/monitoring/middleware/chitrace.go:29.28,31.3 1 0
github.com/FlyrInc/flyr-lib-go/monitoring/middleware/chitrace.go:32.2,32.33 1 0
github.com/FlyrInc/flyr-lib-go/monitoring/middleware/chitrace.go:32.33,35.3 2 0
github.com/FlyrInc/flyr-lib-go/monitoring/middleware/chitrace.go:37.2,37.46 1 0
github.com/FlyrInc/flyr-lib-go/monitoring/middleware/chitrace.go:37.46,38.72 1 0
github.com/FlyrInc/flyr-lib-go/monitoring/middleware/chitrace.go:38.72,39.34 1 0
github.com/FlyrInc/flyr-lib-go/monitoring/middleware/chitrace.go:39.34,40.14 1 0
github.com/FlyrInc/flyr-lib-go/monitoring/middleware/chitrace.go:40.14,45.6 2 0
github.com/FlyrInc/flyr-lib-go/monitoring/middleware/chitrace.go:49.4,65.17 8 0
github.com/FlyrInc/flyr-lib-go/monitoring/middleware/chitrace.go:65.17,69.38 3 0
github.com/FlyrInc/flyr-lib-go/monitoring/middleware/chitrace.go:69.38,71.6 1 0
github.com/FlyrInc/flyr-lib-go/monitoring/middleware/chitrace.go:75.4,79.55 3 0
github.com/FlyrInc/flyr-lib-go/monitoring/middleware/gintrace.go:26.42,28.31 2 0
github.com/FlyrInc/flyr-lib-go/monitoring/middleware/gintrace.go:28.31,30.3 1 0
github.com/FlyrInc/flyr-lib-go/monitoring/middleware/gintrace.go:31.2,35.28 2 0
github.com/FlyrInc/flyr-lib-go/monitoring/middleware/gintrace.go:35.28,37.3 1 0
github.com/FlyrInc/flyr-lib-go/monitoring/middleware/gintrace.go:38.2,38.33 1 0
github.com/FlyrInc/flyr-lib-go/monitoring/middleware/gintrace.go:38.33,41.3 2 0
github.com/FlyrInc/flyr-lib-go/monitoring/middleware/gintrace.go:43.2,43.30 1 0
github.com/FlyrInc/flyr-lib-go/monitoring/middleware/gintrace.go:43.30,44.33 1 0
github.com/FlyrInc/flyr-lib-go/monitoring/middleware/gintrace.go:44.33,45.21 1 0
github.com/FlyrInc/flyr-lib-go/monitoring/middleware/gintrace.go:45.21,50.5 2 0
github.com/FlyrInc/flyr-lib-go/monitoring/middleware/gintrace.go:52.3,54.16 3 0
github.com/FlyrInc/flyr-lib-go/monitoring/middleware/gintrace.go:54.16,56.4 1 0
github.com/FlyrInc/flyr-lib-go/monitoring/middleware/gintrace.go:59.3,67.21 4 0
github.com/FlyrInc/flyr-lib-go/monitoring/middleware/gintrace.go:67.21,69.4 1 0
github.com/FlyrInc/flyr-lib-go/monitoring/middleware/gintrace.go:70.3,82.17 8 0
github.com/FlyrInc/flyr-lib-go/monitoring/middleware/gintrace.go:82.17,84.4 1 0
github.com/FlyrInc/flyr-lib-go/monitoring/middleware/gintrace.go:85.3,85.36 1 0
github.com/FlyrInc/flyr-lib-go/monitoring/middleware/gintrace.go:85.36,87.4 1 0
github.com/FlyrInc/flyr-lib-go/monitoring/middleware/gintrace.go:88.3,88.24 1 0
github.com/FlyrInc/flyr-lib-go/monitoring/middleware/gintrace.go:88.24,90.4 1 0
github.com/FlyrInc/flyr-lib-go/internal/config/config.go:7.56,8.30 1 1
github.com/FlyrInc/flyr-lib-go/internal/config/config.go:8.30,10.3 1 1
github.com/FlyrInc/flyr-lib-go/internal/config/config.go:23.52,24.20 1 1
github.com/FlyrInc/flyr-lib-go/internal/config/config.go:24.20,26.3 1 1
github.com/FlyrInc/flyr-lib-go/internal/config/config.go:28.2,33.41 4 1
github.com/FlyrInc/flyr-lib-go/internal/config/logger.go:14.45,16.48 2 1
github.com/FlyrInc/flyr-lib-go/internal/config/logger.go:16.48,17.13 1 0
github.com/FlyrInc/flyr-lib-go/internal/config/logger.go:19.2,19.12 1 1
github.com/FlyrInc/flyr-lib-go/internal/config/logger.go:24.35,26.2 1 1
github.com/FlyrInc/flyr-lib-go/internal/config/logger.go:29.34,31.2 1 1
github.com/FlyrInc/flyr-lib-go/internal/config/monitoring.go:13.53,15.48 2 1
github.com/FlyrInc/flyr-lib-go/internal/config/monitoring.go:15.48,16.13 1 0
github.com/FlyrInc/flyr-lib-go/internal/config/monitoring.go:18.2,18.12 1 1
github.com/FlyrInc/flyr-lib-go/internal/config/monitoring.go:22.38,24.2 1 1
github.com/FlyrInc/flyr-lib-go/internal/config/monitoring.go:27.47,29.2 1 1
github.com/FlyrInc/flyr-lib-go/internal/utils/caller.go:38.51,44.20 5 0
github.com/FlyrInc/flyr-lib-go/internal/utils/caller.go:44.20,46.3 1 0
github.com/FlyrInc/flyr-lib-go/internal/utils/caller.go:48.2,53.3 1 0
github.com/FlyrInc/flyr-lib-go/internal/utils/caller.go:59.74,61.20 2 1
github.com/FlyrInc/flyr-lib-go/internal/utils/caller.go:61.20,63.3 1 1
github.com/FlyrInc/flyr-lib-go/internal/utils/caller.go:64.2,64.21 1 1
github.com/FlyrInc/flyr-lib-go/internal/utils/caller.go:68.33,70.2 1 1
github.com/FlyrInc/flyr-lib-go/internal/utils/caller.go:73.47,83.2 2 1
github.com/FlyrInc/flyr-lib-go/internal/utils/caller.go:86.45,93.2 5 1
github.com/FlyrInc/flyr-lib-go/internal/utils/caller.go:96.60,103.2 5 1
github.com/FlyrInc/flyr-lib-go/internal/utils/net.go:22.53,24.16 2 1
github.com/FlyrInc/flyr-lib-go/internal/utils/net.go:25.167,25.167 0 1
github.com/FlyrInc/flyr-lib-go/internal/utils/net.go:26.10,27.20 1 1
github.com/FlyrInc/flyr-lib-go/internal/utils/net.go:29.2,29.45 1 1
github.com/FlyrInc/flyr-lib-go/internal/utils/net.go:38.44,39.11 1 1
github.com/FlyrInc/flyr-lib-go/internal/utils/net.go:39.11,41.3 1 1
github.com/FlyrInc/flyr-lib-go/internal/utils/net.go:42.2,42.31 1 1
github.com/FlyrInc/flyr-lib-go/internal/utils/net.go:52.61,55.38 2 1
github.com/FlyrInc/flyr-lib-go/internal/utils/net.go:55.38,57.18 2 1
github.com/FlyrInc/flyr-lib-go/internal/utils/net.go:57.18,60.4 1 1
github.com/FlyrInc/flyr-lib-go/internal/utils/net.go:61.3,61.61 1 1
github.com/FlyrInc/flyr-lib-go/internal/utils/net.go:61.61,64.4 2 1
github.com/FlyrInc/flyr-lib-go/internal/utils/net.go:65.8,66.51 1 1
github.com/FlyrInc/flyr-lib-go/internal/utils/net.go:66.51,69.4 2 1
github.com/FlyrInc/flyr-lib-go/internal/utils/net.go:72.2,73.16 2 1
github.com/FlyrInc/flyr-lib-go/internal/utils/net.go:73.16,75.3 1 0
github.com/FlyrInc/flyr-lib-go/internal/utils/net.go:77.2,78.16 2 1
github.com/FlyrInc/flyr-lib-go/internal/utils/net.go:78.16,80.3 1 1
github.com/FlyrInc/flyr-lib-go/internal/utils/net.go:81.2,81.21 1 1
github.com/FlyrInc/flyr-lib-go/internal/utils/net.go:92.49,93.11 1 1
github.com/FlyrInc/flyr-lib-go/internal/utils/net.go:93.11,94.30 1 1
github.com/FlyrInc/flyr-lib-go/internal/utils/net.go:94.30,96.4 1 1
github.com/FlyrInc/flyr-lib-go/internal/utils/net.go:97.8,98.29 1 1
github.com/FlyrInc/flyr-lib-go/internal/utils/net.go:98.29,100.4 1 1
github.com/FlyrInc/flyr-lib-go/internal/utils/net.go:102.2,102.11 1 1
github.com/FlyrInc/flyr-lib-go/internal/utils/net.go:115.62,119.2 3 1
github.com/FlyrInc/flyr-lib-go/internal/utils/net.go:124.54,125.31 1 1
github.com/FlyrInc/flyr-lib-go/internal/utils/net.go:125.31,127.3 1 1
github.com/FlyrInc/flyr-lib-go/internal/utils/net.go:128.2,128.17 1 1
github.com/FlyrInc/flyr-lib-go/internal/utils/net.go:128.17,130.3 1 1
github.com/FlyrInc/flyr-lib-go/internal/utils/net.go:131.2,131.24 1 1
github.com/FlyrInc/flyr-lib-go/internal/utils/net.go:154.82,169.18 4 1
github.com/FlyrInc/flyr-lib-go/internal/utils/net.go:169.18,171.3 1 1
github.com/FlyrInc/flyr-lib-go/internal/utils/net.go:171.8,174.12 2 1
github.com/FlyrInc/flyr-lib-go/internal/utils/net.go:174.12,176.4 1 1
github.com/FlyrInc/flyr-lib-go/internal/utils/net.go:178.2,179.18 2 1
github.com/FlyrInc/flyr-lib-go/internal/utils/net.go:179.18,181.3 1 1
github.com/FlyrInc/flyr-lib-go/internal/utils/net.go:182.2,183.21 2 1
github.com/FlyrInc/flyr-lib-go/internal/utils/net.go:183.21,185.3 1 1
github.com/FlyrInc/flyr-lib-go/internal/utils/net.go:186.2,186.24 1 1
github.com/FlyrInc/flyr-lib-go/internal/utils/net.go:186.24,188.3 1 1
github.com/FlyrInc/flyr-lib-go/internal/utils/net.go:190.2,196.18 5 1
github.com/FlyrInc/flyr-lib-go/internal/utils/net.go:196.18,198.3 1 1
github.com/FlyrInc/flyr-lib-go/internal/utils/net.go:199.2,199.21 1 1
github.com/FlyrInc/flyr-lib-go/internal/utils/net.go:199.21,201.3 1 1
github.com/FlyrInc/flyr-lib-go/internal/utils/net.go:202.2,202.24 1 1
github.com/FlyrInc/flyr-lib-go/internal/utils/net.go:202.24,204.3 1 1
github.com/FlyrInc/flyr-lib-go/internal/utils/net.go:206.2,206.14 1 1
github.com/FlyrInc/flyr-lib-go/pkg/testhelpers/fakespan.go:31.77,34.2 2 0
github.com/FlyrInc/flyr-lib-go/pkg/testhelpers/fakespan.go:36.50,39.2 2 0
github.com/FlyrInc/flyr-lib-go/pkg/testhelpers/fakespan.go:41.78,47.2 2 0
github.com/FlyrInc/flyr-lib-go/pkg/testhelpers/fakespan.go:49.57,50.31 1 0
github.com/FlyrInc/flyr-lib-go/pkg/testhelpers/fakespan.go:50.31,52.3 1 0
github.com/FlyrInc/flyr-lib-go/pkg/testhelpers/fakespan.go:53.2,53.30 1 0
github.com/FlyrInc/flyr-lib-go/pkg/testhelpers/fakespan.go:56.72,62.2 2 0
github.com/FlyrInc/flyr-lib-go/pkg/testhelpers/fakespan.go:64.61,67.2 2 0
github.com/FlyrInc/flyr-lib-go/pkg/testhelpers/fakespan.go:69.61,71.2 1 0
github.com/FlyrInc/flyr-lib-go/pkg/testhelpers/fakespan.go:73.40,75.2 1 0
github.com/FlyrInc/flyr-lib-go/pkg/testhelpers/faketracer.go:13.130,18.2 3 0
github.com/FlyrInc/flyr-lib-go/pkg/testhelpers/helpers.go:12.61,23.2 4 0
github.com/FlyrInc/flyr-lib-go/pkg/testhelpers/helpers.go:25.67,30.15 3 0
github.com/FlyrInc/flyr-lib-go/pkg/testhelpers/helpers.go:30.15,33.3 1 0
github.com/FlyrInc/flyr-lib-go/pkg/testhelpers/helpers.go:35.2,37.40 3 0
github.com/FlyrInc/flyr-lib-go/pkg/testhelpers/utils.go:13.97,17.2 3 0
github.com/FlyrInc/flyr-lib-go/google/pubsub/pubsub_client.go:41.54,43.2 1 0
github.com/FlyrInc/flyr-lib-go/google/pubsub/pubsub_client.go:45.68,47.2 1 0
github.com/FlyrInc/flyr-lib-go/google/pubsub/pubsub_client.go:49.39,51.2 1 0
github.com/FlyrInc/flyr-lib-go/google/pubsub/pubsub_client.go:57.116,60.2 2 0
github.com/FlyrInc/flyr-lib-go/google/pubsub/pubsub_client.go:62.31,64.2 1 0
github.com/FlyrInc/flyr-lib-go/google/pubsub/pubsub_client.go:70.73,72.2 1 0
github.com/FlyrInc/flyr-lib-go/google/pubsub/pubsub_client.go:78.117,79.57 1 0
github.com/FlyrInc/flyr-lib-go/google/pubsub/pubsub_client.go:79.57,81.3 1 0
github.com/FlyrInc/flyr-lib-go/google/pubsub/pubsub_client.go:82.2,82.46 1 0
github.com/FlyrInc/flyr-lib-go/google/pubsub/pubsub_client.go:89.32,91.2 1 0
github.com/FlyrInc/flyr-lib-go/google/pubsub/pubsub_client.go:93.33,95.2 1 0
github.com/FlyrInc/flyr-lib-go/google/pubsub/pubsub_client.go:97.38,99.2 1 0
github.com/FlyrInc/flyr-lib-go/google/pubsub/pubsub_client.go:101.40,103.2 1 0
github.com/FlyrInc/flyr-lib-go/google/pubsub/pubsub_client.go:105.57,107.2 1 0
github.com/FlyrInc/flyr-lib-go/google/pubsub/pubsub_provider.go:19.73,23.2 1 1
github.com/FlyrInc/flyr-lib-go/google/pubsub/pubsub_provider.go:28.165,29.28 1 1
github.com/FlyrInc/flyr-lib-go/google/pubsub/pubsub_provider.go:29.28,31.3 1 1
github.com/FlyrInc/flyr-lib-go/google/pubsub/pubsub_provider.go:33.2,33.71 1 1
github.com/FlyrInc/flyr-lib-go/google/pubsub/pubsub_provider.go:37.148,38.28 1 1
github.com/FlyrInc/flyr-lib-go/google/pubsub/pubsub_provider.go:38.28,40.3 1 1
github.com/FlyrInc/flyr-lib-go/google/pubsub/pubsub_provider.go:42.2,48.16 4 1
github.com/FlyrInc/flyr-lib-go/google/pubsub/pubsub_provider.go:48.16,50.3 1 0
github.com/FlyrInc/flyr-lib-go/google/pubsub/pubsub_provider.go:52.2,54.12 2 1
github.com/FlyrInc/flyr-lib-go/google/pubsub/set_context.go:17.109,20.16 2 0
github.com/FlyrInc/flyr-lib-go/google/pubsub/set_context.go:20.16,22.3 1 0
github.com/FlyrInc/flyr-lib-go/google/pubsub/set_context.go:24.2,25.33 2 0
github.com/FlyrInc/flyr-lib-go/google/pubsub/set_context.go:25.33,25.58 1 0
github.com/FlyrInc/flyr-lib-go/google/pubsub/set_context.go:28.2,33.33 3 0
github.com/FlyrInc/flyr-lib-go/google/pubsub/set_context.go:41.139,43.16 2 0
github.com/FlyrInc/flyr-lib-go/google/pubsub/set_context.go:43.16,45.3 1 0
github.com/FlyrInc/flyr-lib-go/google/pubsub/set_context.go:48.2,49.16 2 0
github.com/FlyrInc/flyr-lib-go/google/pubsub/set_context.go:49.16,51.3 1 0
github.com/FlyrInc/flyr-lib-go/google/pubsub/set_context.go:53.2,53.46 1 0
github.com/FlyrInc/flyr-lib-go/google/pubsub/set_context.go:53.46,55.3 1 0
github.com/FlyrInc/flyr-lib-go/google/pubsub/set_context.go:57.2,59.33 2 0
github.com/FlyrInc/flyr-lib-go/monitoring/http/http.go:17.55,20.2 2 1
github.com/FlyrInc/flyr-lib-go/monitoring/http/http.go:30.34,34.2 1 1
github.com/FlyrInc/flyr-lib-go/internal/span/span.go:16.40,17.16 1 1
github.com/FlyrInc/flyr-lib-go/internal/span/span.go:17.16,20.3 2 1
github.com/FlyrInc/flyr-lib-go/internal/span/span.go:21.2,21.9 1 1
github.com/FlyrInc/flyr-lib-go/internal/span/span.go:25.34,28.2 2 1
github.com/FlyrInc/flyr-lib-go/internal/span/utils.go:17.51,19.2 1 1
github.com/FlyrInc/flyr-lib-go/internal/span/utils.go:33.77,36.96 2 1
github.com/FlyrInc/flyr-lib-go/internal/span/utils.go:36.96,38.3 1 1
github.com/FlyrInc/flyr-lib-go/internal/span/utils.go:40.2,42.30 3 1
github.com/FlyrInc/flyr-lib-go/pkg/testhelpers/fakespan.go:31.77,34.2 2 0
github.com/FlyrInc/flyr-lib-go/pkg/testhelpers/fakespan.go:36.50,39.2 2 0
github.com/FlyrInc/flyr-lib-go/pkg/testhelpers/fakespan.go:41.78,47.2 2 1
github.com/FlyrInc/flyr-lib-go/pkg/testhelpers/fakespan.go:49.57,50.31 1 0
github.com/FlyrInc/flyr-lib-go/pkg/testhelpers/fakespan.go:50.31,52.3 1 0
github.com/FlyrInc/flyr-lib-go/pkg/testhelpers/fakespan.go:53.2,53.30 1 0
github.com/FlyrInc/flyr-lib-go/pkg/testhelpers/fakespan.go:56.72,62.2 2 1
github.com/FlyrInc/flyr-lib-go/pkg/testhelpers/fakespan.go:64.61,67.2 2 0
github.com/FlyrInc/flyr-lib-go/pkg/testhelpers/fakespan.go:69.61,71.2 1 1
github.com/FlyrInc/flyr-lib-go/pkg/testhelpers/fakespan.go:73.40,75.2 1 0
github.com/FlyrInc/flyr-lib-go/pkg/testhelpers/faketracer.go:13.130,18.2 3 1
github.com/FlyrInc/flyr-lib-go/pkg/testhelpers/helpers.go:12.61,23.2 4 1
github.com/FlyrInc/flyr-lib-go/pkg/testhelpers/helpers.go:25.67,30.15 3 1
github.com/FlyrInc/flyr-lib-go/pkg/testhelpers/helpers.go:30.15,33.3 1 1
github.com/FlyrInc/flyr-lib-go/pkg/testhelpers/helpers.go:35.2,37.40 3 1
github.com/FlyrInc/flyr-lib-go/pkg/testhelpers/utils.go:13.97,17.2 3 1
github.com/FlyrInc/flyr-lib-go/monitoring/rabbitmq/rabbitmq.go:13.52,15.9 2 1
github.com/FlyrInc/flyr-lib-go/monitoring/rabbitmq/rabbitmq.go:15.9,17.3 1 1
github.com/FlyrInc/flyr-lib-go/monitoring/rabbitmq/rabbitmq.go:18.2,18.19 1 1
github.com/FlyrInc/flyr-lib-go/monitoring/rabbitmq/rabbitmq.go:22.59,24.2 1 1
github.com/FlyrInc/flyr-lib-go/monitoring/rabbitmq/rabbitmq.go:27.45,31.19 3 1
github.com/FlyrInc/flyr-lib-go/monitoring/rabbitmq/rabbitmq.go:31.19,34.3 2 1
github.com/FlyrInc/flyr-lib-go/monitoring/rabbitmq/rabbitmq.go:36.2,36.10 1 1
github.com/FlyrInc/flyr-lib-go/monitoring/rabbitmq/rabbitmq.go:40.68,44.2 3 1
github.com/FlyrInc/flyr-lib-go/monitoring/rabbitmq/rabbitmq.go:49.94,51.2 1 1
github.com/FlyrInc/flyr-lib-go/pkg/testhelpers/fakespan.go:31.77,34.2 2 0
github.com/FlyrInc/flyr-lib-go/pkg/testhelpers/fakespan.go:36.50,39.2 2 0
github.com/FlyrInc/flyr-lib-go/pkg/testhelpers/fakespan.go:41.78,47.2 2 0
github.com/FlyrInc/flyr-lib-go/pkg/testhelpers/fakespan.go:49.57,50.31 1 0
github.com/FlyrInc/flyr-lib-go/pkg/testhelpers/fakespan.go:50.31,52.3 1 0
github.com/FlyrInc/flyr-lib-go/pkg/testhelpers/fakespan.go:53.2,53.30 1 0
github.com/FlyrInc/flyr-lib-go/pkg/testhelpers/fakespan.go:56.72,62.2 2 0
github.com/FlyrInc/flyr-lib-go/pkg/testhelpers/fakespan.go:64.61,67.2 2 0
github.com/FlyrInc/flyr-lib-go/pkg/testhelpers/fakespan.go:69.61,71.2 1 1
github.com/FlyrInc/flyr-lib-go/pkg/testhelpers/fakespan.go:73.40,75.2 1 0
github.com/FlyrInc/flyr-lib-go/pkg/testhelpers/faketracer.go:13.130,18.2 3 1
github.com/FlyrInc/flyr-lib-go/pkg/testhelpers/helpers.go:12.61,23.2 4 1
github.com/FlyrInc/flyr-lib-go/pkg/testhelpers/helpers.go:25.67,30.15 3 1
github.com/FlyrInc/flyr-lib-go/pkg/testhelpers/helpers.go:30.15,33.3 1 1
github.com/FlyrInc/flyr-lib-go/pkg/testhelpers/helpers.go:35.2,37.40 3 1
github.com/FlyrInc/flyr-lib-go/pkg/testhelpers/utils.go:13.97,17.2 3 1
github.com/FlyrInc/flyr-lib-go/logger/attrs.go:24.53,27.2 2 1
github.com/FlyrInc/flyr-lib-go/logger/attrs.go:30.66,33.2 2 1
github.com/FlyrInc/flyr-lib-go/logger/attrs.go:36.62,39.2 2 0
github.com/FlyrInc/flyr-lib-go/logger/attrs.go:42.58,44.25 2 1
github.com/FlyrInc/flyr-lib-go/logger/attrs.go:44.25,46.3 1 1
github.com/FlyrInc/flyr-lib-go/logger/attrs.go:48.2,54.18 5 1
github.com/FlyrInc/flyr-lib-go/logger/attrs.go:54.18,58.3 3 1
github.com/FlyrInc/flyr-lib-go/logger/attrs.go:60.2,60.14 1 1
github.com/FlyrInc/flyr-lib-go/logger/attrs.go:64.32,66.2 1 1
github.com/FlyrInc/flyr-lib-go/logger/logger.go:16.19,31.2 7 0
github.com/FlyrInc/flyr-lib-go/logger/logger.go:37.70,44.2 3 0
github.com/FlyrInc/flyr-lib-go/logger/logger.go:50.69,56.2 3 0
github.com/FlyrInc/flyr-lib-go/logger/logger.go:62.69,68.2 3 0
github.com/FlyrInc/flyr-lib-go/logger/logger.go:76.81,83.2 3 0
github.com/FlyrInc/flyr-lib-go/logger/span.go:17.53,20.24 2 1
github.com/FlyrInc/flyr-lib-go/logger/span.go:20.24,23.3 2 0
github.com/FlyrInc/flyr-lib-go/logger/span.go:29.61,32.25 2 1
github.com/FlyrInc/flyr-lib-go/logger/span.go:32.25,34.3 1 1
github.com/FlyrInc/flyr-lib-go/logger/span.go:36.2,37.16 2 0
github.com/FlyrInc/flyr-lib-go/logger/span.go:37.16,39.3 1 0
github.com/FlyrInc/flyr-lib-go/logger/span.go:41.2,43.37 3 0
github.com/FlyrInc/flyr-lib-go/logger/span.go:43.37,45.3 1 0
github.com/FlyrInc/flyr-lib-go/logger/span.go:49.87,51.66 2 1
github.com/FlyrInc/flyr-lib-go/logger/span.go:51.66,53.3 1 0
github.com/FlyrInc/flyr-lib-go/logger/span.go:55.2,55.35 1 1
github.com/FlyrInc/flyr-lib-go/logger/span.go:61.88,62.31 1 1
github.com/FlyrInc/flyr-lib-go/logger/span.go:62.31,64.19 2 1
github.com/FlyrInc/flyr-lib-go/logger/span.go:64.19,66.4 1 1
github.com/FlyrInc/flyr-lib-go/logger/span.go:68.3,68.28 1 1
github.com/FlyrInc/flyr-lib-go/logger/span.go:69.31,70.35 1 1
github.com/FlyrInc/flyr-lib-go/logger/span.go:71.11,72.46 1 1
github.com/FlyrInc/flyr-lib-go/logger/span.go:88.58,92.22 2 1
github.com/FlyrInc/flyr-lib-go/logger/span.go:93.20,94.21 1 0
github.com/FlyrInc/flyr-lib-go/logger/span.go:96.21,97.22 1 1
github.com/FlyrInc/flyr-lib-go/logger/span.go:99.22,100.23 1 1
github.com/FlyrInc/flyr-lib-go/logger/span.go:102.23,103.24 1 1
github.com/FlyrInc/flyr-lib-go/logger/span.go:105.24,106.25 1 1
github.com/FlyrInc/flyr-lib-go/logger/span.go:108.23,109.24 1 1
github.com/FlyrInc/flyr-lib-go/logger/span.go:111.25,112.35 1 1
github.com/FlyrInc/flyr-lib-go/logger/span.go:114.21,115.22 1 1
github.com/FlyrInc/flyr-lib-go/logger/span.go:117.22,120.38 2 1
github.com/FlyrInc/flyr-lib-go/logger/span.go:120.38,122.4 1 1
github.com/FlyrInc/flyr-lib-go/logger/span.go:123.3,123.19 1 1
github.com/FlyrInc/flyr-lib-go/logger/span.go:125.26,127.57 1 0
github.com/FlyrInc/flyr-lib-go/logger/span.go:129.10,131.73 1 0
github.com/FlyrInc/flyr-lib-go/logger/span.go:135.2,136.16 2 1
github.com/FlyrInc/flyr-lib-go/logger/span.go:136.16,138.3 1 0
github.com/FlyrInc/flyr-lib-go/logger/span.go:140.2,140.31 1 1
github.com/FlyrInc/flyr-lib-go/internal/logger/attrs.go:21.76,30.34 5 1
github.com/FlyrInc/flyr-lib-go/internal/logger/attrs.go:30.34,31.52 1 1
github.com/FlyrInc/flyr-lib-go/internal/logger/attrs.go:31.52,33.4 1 1
github.com/FlyrInc/flyr-lib-go/internal/logger/attrs.go:35.3,35.49 1 1
github.com/FlyrInc/flyr-lib-go/internal/logger/attrs.go:35.49,37.4 1 1
github.com/FlyrInc/flyr-lib-go/internal/logger/attrs.go:40.2,40.35 1 1
github.com/FlyrInc/flyr-lib-go/internal/logger/attrs.go:50.64,51.21 1 1
github.com/FlyrInc/flyr-lib-go/internal/logger/attrs.go:51.21,53.3 1 1
github.com/FlyrInc/flyr-lib-go/internal/logger/attrs.go:55.2,55.20 1 1
github.com/FlyrInc/flyr-lib-go/internal/logger/attrs.go:55.20,57.3 1 1
github.com/FlyrInc/flyr-lib-go/internal/logger/attrs.go:59.2,59.10 1 1
github.com/FlyrInc/flyr-lib-go/internal/logger/jsonhandler.go:15.55,23.2 1 0
github.com/FlyrInc/flyr-lib-go/internal/logger/jsonhandler.go:28.45,29.32 1 1
github.com/FlyrInc/flyr-lib-go/internal/logger/jsonhandler.go:30.15,31.25 1 1
github.com/FlyrInc/flyr-lib-go/internal/logger/jsonhandler.go:32.14,33.24 1 1
github.com/FlyrInc/flyr-lib-go/internal/logger/jsonhandler.go:34.14,35.24 1 1
github.com/FlyrInc/flyr-lib-go/internal/logger/jsonhandler.go:36.15,37.25 1 1
github.com/FlyrInc/flyr-lib-go/internal/logger/jsonhandler.go:38.10,39.24 1 1
github.com/FlyrInc/flyr-lib-go/internal/logger/tracehandler.go:27.78,29.2 1 1
github.com/FlyrInc/flyr-lib-go/internal/logger/tracehandler.go:32.80,33.19 1 1
github.com/FlyrInc/flyr-lib-go/internal/logger/tracehandler.go:33.19,35.3 1 0
github.com/FlyrInc/flyr-lib-go/internal/logger/tracehandler.go:38.2,38.37 1 1
github.com/FlyrInc/flyr-lib-go/internal/logger/tracehandler.go:38.37,40.3 1 1
github.com/FlyrInc/flyr-lib-go/internal/logger/tracehandler.go:42.2,44.11 2 1
github.com/FlyrInc/flyr-lib-go/internal/logger/tracehandler.go:44.11,47.3 2 1
github.com/FlyrInc/flyr-lib-go/internal/logger/tracehandler.go:49.2,49.35 1 1
github.com/FlyrInc/flyr-lib-go/internal/logger/tracehandler.go:53.68,58.2 1 1
github.com/FlyrInc/flyr-lib-go/internal/logger/tracehandler.go:61.62,66.2 1 1
github.com/FlyrInc/flyr-lib-go/internal/logger/tracehandler.go:69.49,71.2 1 0
github.com/FlyrInc/flyr-lib-go/internal/logger/tracehandler.go:82.63,83.46 1 1
github.com/FlyrInc/flyr-lib-go/internal/logger/tracehandler.go:83.46,88.3 1 1
github.com/FlyrInc/flyr-lib-go/pkg/testhelpers/fakespan.go:31.77,34.2 2 0
github.com/FlyrInc/flyr-lib-go/pkg/testhelpers/fakespan.go:36.50,39.2 2 0
github.com/FlyrInc/flyr-lib-go/pkg/testhelpers/fakespan.go:41.78,47.2 2 0
github.com/FlyrInc/flyr-lib-go/pkg/testhelpers/fakespan.go:49.57,50.31 1 1
github.com/FlyrInc/flyr-lib-go/pkg/testhelpers/fakespan.go:50.31,52.3 1 0
github.com/FlyrInc/flyr-lib-go/pkg/testhelpers/fakespan.go:53.2,53.30 1 1
github.com/FlyrInc/flyr-lib-go/pkg/testhelpers/fakespan.go:56.72,62.2 2 0
github.com/FlyrInc/flyr-lib-go/pkg/testhelpers/fakespan.go:64.61,67.2 2 0
github.com/FlyrInc/flyr-lib-go/pkg/testhelpers/fakespan.go:69.61,71.2 1 1
github.com/FlyrInc/flyr-lib-go/pkg/testhelpers/fakespan.go:73.40,75.2 1 0
github.com/FlyrInc/flyr-lib-go/pkg/testhelpers/faketracer.go:13.130,18.2 3 1
github.com/FlyrInc/flyr-lib-go/pkg/testhelpers/helpers.go:12.61,23.2 4 1
github.com/FlyrInc/flyr-lib-go/pkg/testhelpers/helpers.go:25.67,30.15 3 1
github.com/FlyrInc/flyr-lib-go/pkg/testhelpers/helpers.go:30.15,33.3 1 1
github.com/FlyrInc/flyr-lib-go/pkg/testhelpers/helpers.go:35.2,37.40 3 1
github.com/FlyrInc/flyr-lib-go/pkg/testhelpers/utils.go:13.97,17.2 3 1
github.com/FlyrInc/flyr-lib-go/monitoring/tracer/spans.go:23.94,24.26 1 0
github.com/FlyrInc/flyr-lib-go/monitoring/tracer/spans.go:24.26,26.3 1 0
github.com/FlyrInc/flyr-lib-go/monitoring/tracer/spans.go:28.2,28.49 1 0
github.com/FlyrInc/flyr-lib-go/monitoring/tracer/spans.go:39.56,41.2 1 0
github.com/FlyrInc/flyr-lib-go/monitoring/tracer/traceprovider.go:35.70,36.32 1 1
github.com/FlyrInc/flyr-lib-go/monitoring/tracer/traceprovider.go:37.14,38.35 1 1
github.com/FlyrInc/flyr-lib-go/monitoring/tracer/traceprovider.go:39.14,40.35 1 1
github.com/FlyrInc/flyr-lib-go/monitoring/tracer/traceprovider.go:41.10,42.13 1 1
github.com/FlyrInc/flyr-lib-go/monitoring/tracer/traceprovider.go:57.87,58.25 1 1
github.com/FlyrInc/flyr-lib-go/monitoring/tracer/traceprovider.go:58.25,61.3 2 0
github.com/FlyrInc/flyr-lib-go/monitoring/tracer/traceprovider.go:63.2,64.19 2 1
github.com/FlyrInc/flyr-lib-go/monitoring/tracer/traceprovider.go:64.19,66.3 1 0
github.com/FlyrInc/flyr-lib-go/monitoring/tracer/traceprovider.go:68.2,70.16 2 1
github.com/FlyrInc/flyr-lib-go/monitoring/tracer/traceprovider.go:70.16,72.3 1 0
github.com/FlyrInc/flyr-lib-go/monitoring/tracer/traceprovider.go:74.2,84.16 2 1
github.com/FlyrInc/flyr-lib-go/monitoring/tracer/traceprovider.go:84.16,86.3 1 0
github.com/FlyrInc/flyr-lib-go/monitoring/tracer/traceprovider.go:88.2,97.12 4 1
github.com/FlyrInc/flyr-lib-go/monitoring/tracer/traceprovider.go:101.56,102.27 1 0
github.com/FlyrInc/flyr-lib-go/monitoring/tracer/traceprovider.go:102.27,104.3 1 0
github.com/FlyrInc/flyr-lib-go/monitoring/tracer/traceprovider.go:105.2,105.37 1 0
github.com/FlyrInc/flyr-lib-go/monitoring/tracer/tracer.go:41.52,45.16 3 0
github.com/FlyrInc/flyr-lib-go/monitoring/tracer/tracer.go:45.16,47.3 1 0
github.com/FlyrInc/flyr-lib-go/monitoring/tracer/tracer.go:49.2,52.25 3 0
github.com/FlyrInc/flyr-lib-go/monitoring/tracer/tracer.go:52.25,54.3 1 0
github.com/FlyrInc/flyr-lib-go/monitoring/tracer/tracer.go:54.8,59.3 1 0
github.com/FlyrInc/flyr-lib-go/monitoring/tracer/tracer.go:61.2,62.12 2 0
github.com/FlyrInc/flyr-lib-go/monitoring/tracer/tracer.go:74.120,75.21 1 1
github.com/FlyrInc/flyr-lib-go/monitoring/tracer/tracer.go:75.21,77.3 1 0
github.com/FlyrInc/flyr-lib-go/monitoring/tracer/tracer.go:79.2,86.51 5 1
github.com/FlyrInc/flyr-lib-go/pkg/testhelpers/fakespan.go:31.77,34.2 2 0
github.com/FlyrInc/flyr-lib-go/pkg/testhelpers/fakespan.go:36.50,39.2 2 0
github.com/FlyrInc/flyr-lib-go/pkg/testhelpers/fakespan.go:41.78,47.2 2 0
github.com/FlyrInc/flyr-lib-go/pkg/testhelpers/fakespan.go:49.57,50.31 1 0
github.com/FlyrInc/flyr-lib-go/pkg/testhelpers/fakespan.go:50.31,52.3 1 0
github.com/FlyrInc/flyr-lib-go/pkg/testhelpers/fakespan.go:53.2,53.30 1 0
github.com/FlyrInc/flyr-lib-go/pkg/testhelpers/fakespan.go:56.72,62.2 2 0
github.com/FlyrInc/flyr-lib-go/pkg/testhelpers/fakespan.go:64.61,67.2 2 1
github.com/FlyrInc/flyr-lib-go/pkg/testhelpers/fakespan.go:69.61,71.2 1 1
github.com/FlyrInc/flyr-lib-go/pkg/testhelpers/fakespan.go:73.40,75.2 1 0
github.com/FlyrInc/flyr-lib-go/pkg/testhelpers/faketracer.go:13.130,18.2 3 1
github.com/FlyrInc/flyr-lib-go/pkg/testhelpers/helpers.go:12.61,23.2 4 1
github.com/FlyrInc/flyr-lib-go/pkg/testhelpers/helpers.go:25.67,30.15 3 0
github.com/FlyrInc/flyr-lib-go/pkg/testhelpers/helpers.go:30.15,33.3 1 0
github.com/FlyrInc/flyr-lib-go/pkg/testhelpers/helpers.go:35.2,37.40 3 0
github.com/FlyrInc/flyr-lib-go/pkg/testhelpers/utils.go:13.97,17.2 3 1
